20:13:21,236 root INFO Program starts!
20:13:23,292 root INFO wow window was set to the up left corner
20:13:26,382 root INFO ctrl key was pressed, loop begins!
20:13:47,569 root INFO battle start!
20:14:47,480 root INFO change to next one
20:15:38,688 root INFO change to next one
20:16:30,46 root INFO change to next one
20:17:31,281 root INFO battle start!
20:18:28,187 root INFO change to next one
20:19:19,845 root INFO bb is dead, change to next one
20:20:44,96 root INFO battle start!
20:22:23,207 root INFO battle start!
20:24:02,244 root INFO battle start!
20:25:43,635 root INFO battle start!
20:27:25,145 root INFO battle start!
20:29:20,413 root INFO battle start!
20:29:46,854 root INFO bb is dead, change to next one
20:30:40,224 root INFO change to next one
20:31:42,980 root INFO battle start!
20:32:42,420 root INFO change to next one
20:33:35,11 root INFO change to next one
20:35:18,935 root INFO battle start!
20:36:18,264 root INFO change to next one
20:37:55,561 root INFO battle start!
20:39:13,82 root INFO battle start!
20:40:09,990 root INFO change to next one
20:41:01,846 root INFO bb is dead, change to next one
20:42:41,115 root INFO battle start!
20:44:33,812 root INFO battle start!
20:45:50,93 root INFO battle start!
20:46:51,249 root INFO change to next one
20:47:46,27 root INFO change to next one
20:49:08,566 root INFO battle start!
20:50:06,253 root INFO change to next one
20:50:50,198 root INFO bb is dead, change to next one
20:52:00,903 root INFO battle start!
20:53:17,313 root INFO battle start!
20:54:13,221 root INFO change to next one
20:55:05,8 root INFO change to next one
20:56:30,785 root INFO battle start!
20:58:10,156 root INFO battle start!
20:59:00,203 root INFO bb is dead, change to next one
21:00:09,819 root INFO battle start!
21:01:13,794 root INFO change to next one
21:02:22,928 root INFO change to next one
21:03:29,78 root INFO battle start!
21:04:28,354 root INFO change to next one
21:05:21,13 root INFO change to next one
21:11:29,438 root INFO battle time too long, let us yielding!
21:12:25,587 root INFO battle start!
21:14:04,480 root INFO battle start!
21:15:02,42 root INFO change to next one
21:16:28,500 root INFO battle start!
21:17:45,131 root INFO battle start!
21:18:43,189 root INFO change to next one
21:19:38,486 root INFO bb is dead, change to next one
21:21:19,493 root INFO battle start!
21:22:34,489 root INFO battle start!
21:23:33,364 root INFO change to next one
21:24:25,958 root INFO change to next one
21:25:50,509 root INFO battle start!
21:26:52,202 root INFO change to next one
21:28:04,45 root INFO battle start!
21:29:01,635 root INFO change to next one
21:29:56,338 root INFO change to next one
21:31:20,454 root INFO battle start!
21:32:21,885 root INFO change to next one
21:33:22,926 root INFO battle start!
21:34:19,557 root INFO change to next one
21:35:17,985 root INFO change to next one
